<?xml version="1.0" encoding="UTF-8" ?>
<testsuite errors="0" failures="0" hostname="Studio" name="edu.umb.cs.cs680.hw11.FacadeTest" skipped="0" tests="3" time="0.157" timestamp="2017-12-25T23:37:09">
  <properties>
[...]
</properties>
  <testcase classname="edu.umb.cs.cs680.hw11.FacadeTest" name="testCdRootExecute" time="0.012" />
  <testcase classname="edu.umb.cs.cs680.hw11.FacadeTest" name="testChownExecute" time="0.001" />
  <testcase classname="edu.umb.cs.cs680.hw11.FacadeTest" name="testMkdirExecute" time="0.001" />
  <system-out><![CDATA[]]></system-out>
  <system-err><![CDATA[]]></system-err>
</testsuite>
