<?xml version="1.0" encoding="UTF-8" ?>
<testsuite errors="0" failures="0" hostname="Studio" name="edu.umb.cs.cs680.hw06.CarTest" skipped="0" tests="1" time="0.529" timestamp="2017-11-22T03:12:29">
  <properties>
[...]
</properties>
  <testcase classname="edu.umb.cs.cs680.hw06.CarTest" name="Test" time="0.085" />
  <system-out><![CDATA[Year 	  Mileage 	 Price
2011 	  105543.0 	 $23000.0
2015 	  80003.0 	 $35000.0
2016 	  5000.0 	 $90000.0
2008 	  153000.0 	 $11000.0
2017 	  981.0 	 $123000.0

---------- SORTING ----------

Year Comparator Sort:

2008
2011
2015
2016
2017
----------------------------

Mileage Comparator Sort:

153000.0
105543.0
80003.0
5000.0
981.0
----------------------------

Price Comparator Sort:

$123000.0
$90000.0
$35000.0
$23000.0
$11000.0
]]></system-out>
  <system-err><![CDATA[]]></system-err>
</testsuite>
